Solid Edge in STL konvertieren
Datum: Donnerstag,Juli 22,2021 09:06
Quelldatei:C:\Users\weiss\Desktop\Ntj\Basteln\CM\Konstruktion\Messplatte.par
Ausgangssystem: SOLID EDGE

Hardware:
Prozessor: Intel(R) Core(TM) i7-1065G7 CPU @ 1.30GHz
Betriebssystem: Windows 10
Installierter Speicher: 31,59 GB

Software-Informationen:
Parasolid-Version: 32.1.222
PSBodyshop-Version: 32.1.94
Solid Edge-Version: 221.00.03.003 x64

STL-Exportoptionen:
Ausgabedateiformat:BINARY
Angezeigte Teile exportieren: Aus
Strukturoption: Monolithic
Einheiten exportieren:Millimeter
Toleranzwert exportieren:0,001000
Toleranztyp exportieren:Custom
Flächenplanwinkelwert exportieren:0,017453

Konvertierungsfortschritt:
Phase 1 von 2 - Abrufen der Parasolid-Informationen...
Anzahl erstellter STL-Dateien : 1
Konvertierungsvorgang ist abgeschlossen
Zum Konvertieren benötigte Zeit:00 : 00 : 00
